  main.cpp
D:\Work\1o Sem\CGJ\Assignments\CGJ-Engine\AssignmentOne\src\main.cpp(498,80): warning C4244: 'argument': conversion from 'int' to 'float', possible loss of data
D:\Work\1o Sem\CGJ\Assignments\CGJ-Engine\AssignmentOne\src\main.cpp(498,53): warning C4244: 'argument': conversion from 'int' to 'float', possible loss of data
D:\Work\1o Sem\CGJ\Assignments\CGJ-Engine\AssignmentOne\src\main.cpp(498,26): warning C4244: 'argument': conversion from 'int' to 'float', possible loss of data
D:\Work\1o Sem\CGJ\Assignments\CGJ-Engine\AssignmentOne\src\main.cpp(499,80): warning C4244: 'argument': conversion from 'int' to 'float', possible loss of data
D:\Work\1o Sem\CGJ\Assignments\CGJ-Engine\AssignmentOne\src\main.cpp(499,53): warning C4244: 'argument': conversion from 'int' to 'float', possible loss of data
D:\Work\1o Sem\CGJ\Assignments\CGJ-Engine\AssignmentOne\src\main.cpp(499,26): warning C4244: 'argument': conversion from 'int' to 'float', possible loss of data
D:\Work\1o Sem\CGJ\Assignments\CGJ-Engine\AssignmentOne\src\main.cpp(500,80): warning C4244: 'argument': conversion from 'int' to 'float', possible loss of data
D:\Work\1o Sem\CGJ\Assignments\CGJ-Engine\AssignmentOne\src\main.cpp(500,53): warning C4244: 'argument': conversion from 'int' to 'float', possible loss of data
D:\Work\1o Sem\CGJ\Assignments\CGJ-Engine\AssignmentOne\src\main.cpp(500,26): warning C4244: 'argument': conversion from 'int' to 'float', possible loss of data
D:\Work\1o Sem\CGJ\Assignments\CGJ-Engine\AssignmentOne\src\main.cpp(514,61): warning C4244: 'argument': conversion from 'int' to 'float', possible loss of data
D:\Work\1o Sem\CGJ\Assignments\CGJ-Engine\AssignmentOne\src\main.cpp(514,43): warning C4244: 'argument': conversion from 'int' to 'float', possible loss of data
D:\Work\1o Sem\CGJ\Assignments\CGJ-Engine\AssignmentOne\src\main.cpp(514,25): warning C4244: 'argument': conversion from 'int' to 'float', possible loss of data
D:\Work\1o Sem\CGJ\Assignments\CGJ-Engine\AssignmentOne\src\main.cpp(515,61): warning C4244: 'argument': conversion from 'int' to 'float', possible loss of data
D:\Work\1o Sem\CGJ\Assignments\CGJ-Engine\AssignmentOne\src\main.cpp(515,43): warning C4244: 'argument': conversion from 'int' to 'float', possible loss of data
D:\Work\1o Sem\CGJ\Assignments\CGJ-Engine\AssignmentOne\src\main.cpp(515,25): warning C4244: 'argument': conversion from 'int' to 'float', possible loss of data
D:\Work\1o Sem\CGJ\Assignments\CGJ-Engine\AssignmentOne\src\main.cpp(516,61): warning C4244: 'argument': conversion from 'int' to 'float', possible loss of data
D:\Work\1o Sem\CGJ\Assignments\CGJ-Engine\AssignmentOne\src\main.cpp(516,43): warning C4244: 'argument': conversion from 'int' to 'float', possible loss of data
D:\Work\1o Sem\CGJ\Assignments\CGJ-Engine\AssignmentOne\src\main.cpp(516,25): warning C4244: 'argument': conversion from 'int' to 'float', possible loss of data
  Vector2.cpp
  Vector3.cpp
  Vector4.cpp
  Generating Code...
  AssignmentOne.vcxproj -> D:\Work\1o Sem\CGJ\Assignments\CGJ-Engine\x64\Debug\AssignmentOne.exe
